<?xml version="1.0" encoding="UTF-8"?>
<!-- Generated by org.testng.reporters.JUnitXMLReporter -->
<testsuite ignored="2" hostname="LAPTOP-BQBHDNOI" failures="0" tests="2" name="firefoxTest" time="17.002" errors="0" timestamp="2026-03-10T11:44:29 IST">
  <testcase classname="testscript.LoginTest" name="verifyTheUserIsAbleToLoginWithValidCredentials" time="0.771"/>
  <testcase classname="testscript.LoginTest" name="verifyTheUserIsAbleToLoginWithInValidPasswordAndValidUsername" time="0.872"/>
  <testcase classname="testscript.LoginTest" name="verifyTheUserIsAbleToLoginWithValidPasswordAndInValidUsername" time="0.0">
    <ignored/>
  </testcase> <!-- verifyTheUserIsAbleToLoginWithValidPasswordAndInValidUsername -->
  <testcase classname="testscript.LoginTest" name="verifyTheUserIsAbleToLoginWithInValidPasswordAndInValidUsername" time="0.0">
    <ignored/>
  </testcase> <!-- verifyTheUserIsAbleToLoginWithInValidPasswordAndInValidUsername -->
</testsuite> <!-- firefoxTest -->
