<?xml version="1.0" encoding="UTF-8"?>
<!-- Generated by org.testng.reporters.JUnitXMLReporter -->
<testsuite ignored="2" hostname="LAPTOP-BQBHDNOI" failures="0" tests="2" name="chromeTest" time="11.32" errors="0" timestamp="2026-03-09T13:05:42 IST">
  <testcase classname="testscript.LoginTest" name="verifyTheUserIsAbleToLoginWithValidCredentials" time="2.193"/>
  <testcase classname="testscript.LoginTest" name="verifyTheUserIsAbleToLoginWithInValidPasswordAndValidUsername" time="0.67"/>
  <testcase classname="testscript.LoginTest" name="verifyTheUserIsAbleToLoginWithInValidPasswordAndInValidUsername" time="0.0">
    <ignored/>
  </testcase> <!-- verifyTheUserIsAbleToLoginWithInValidPasswordAndInValidUsername -->
  <testcase classname="testscript.LoginTest" name="verifyTheUserIsAbleToLoginWithValidPasswordAndInValidUsername" time="0.0">
    <ignored/>
  </testcase> <!-- verifyTheUserIsAbleToLoginWithValidPasswordAndInValidUsername -->
</testsuite> <!-- chromeTest -->
