<?xml version="1.0" encoding="UTF-8"?>
<testng-results ignored="0" total="1" passed="1" failed="0" skipped="0">
  <reporter-output>
  </reporter-output>
  <suite started-at="2026-03-12T11:11:36 IST" name="Suite" finished-at="2026-03-12T11:11:45 IST" duration-ms="8865">
    <groups>
    </groups>
    <test started-at="2026-03-12T11:11:36 IST" name="Test" finished-at="2026-03-12T11:11:45 IST" duration-ms="8865">
      <class name="testscript.ManageNewsTest">
        <test-method is-config="true" signature="browserInitialization(java.lang.String)[pri:0, instance:testscript.ManageNewsTest@799f10e1]" started-at="2026-03-12T11:11:36 IST" name="browserInitialization" finished-at="2026-03-12T11:11:41 IST" duration-ms="4713" status="PASS">
          <params>
            <param index="0">
              <value>
                <![CDATA[chrome]]>
              </value>
            </param>
          </params>
          <reporter-output>
          </reporter-output>
        </test-method> <!-- browserInitialization -->
        <test-method signature="verifyTheUserIsAbleToAddNews()[pri:0, instance:testscript.ManageNewsTest@799f10e1]" started-at="2026-03-12T11:11:41 IST" name="verifyTheUserIsAbleToAddNews" finished-at="2026-03-12T11:11:45 IST" duration-ms="3782" status="PASS">
          <reporter-output>
          </reporter-output>
        </test-method> <!-- verifyTheUserIsAbleToAddNews -->
        <test-method is-config="true" signature="browserQuitAndClose(org.testng.ITestResult)[pri:0, instance:testscript.ManageNewsTest@799f10e1]" started-at="2026-03-12T11:11:45 IST" name="browserQuitAndClose" finished-at="2026-03-12T11:11:45 IST" duration-ms="280" status="PASS">
          <params>
            <param index="0">
              <value>
                <![CDATA[[TestResult name=verifyTheUserIsAbleToAddNews status=SUCCESS method=ManageNewsTest.verifyTheUserIsAbleToAddNews()[pri:0, instance:testscript.ManageNewsTest@799f10e1] output={null}]]]>
              </value>
            </param>
          </params>
          <reporter-output>
          </reporter-output>
        </test-method> <!-- browserQuitAndClose -->
      </class> <!-- testscript.ManageNewsTest -->
    </test> <!-- Test -->
  </suite> <!-- Suite -->
</testng-results>
